<?xml version="1.0" encoding="UTF-8"?>
<testsuite name="zadanie3.SellerTest" tests="3" skipped="0" failures="0" errors="0" timestamp="2022-09-01T17:25:35" hostname="alicjas-macbook-pro.home" time="0.028">
  <properties/>
  <testcase name="checkIfNumberOfAlbumsReleasedBetweenYearsIsCalculatedCorrectly()" classname="zadanie3.SellerTest" time="0.023"/>
  <testcase name="checkIfNumberOfSameTypeAlbumsIsCalculatedCorrectly()" classname="zadanie3.SellerTest" time="0.001"/>
  <testcase name="checkIfAvarageOfAlbumsIsCalculatedCorrectly()" classname="zadanie3.SellerTest" time="0.002"/>
  <system-out><![CDATA[]]></system-out>
  <system-err><![CDATA[]]></system-err>
</testsuite>
